<?xml version="1.0" encoding="UTF-8"?>
<!-- Generated by org.testng.reporters.JUnitReportReporter -->
<testsuite hostname="XPS" failures="0" tests="1" name="com.amazon.testrunner.LoginAmazonTest" time="3.716" errors="0" timestamp="2023-12-05T21:16:18 IST" skipped="0">
  <testcase classname="com.amazon.testrunner.LoginAmazonTest" name="AM_01" time="3.716"/>
  <system-out/>
</testsuite> <!-- com.amazon.testrunner.LoginAmazonTest -->
